2023-04-16 00:11:53,002 p_helper new patient added
2023-04-16 00:12:01,647 p_helper patient 9deleted
2023-04-16 00:12:46,347 p_helper new patient added
2023-04-16 00:56:02,367 p_helper patient 10 updated
2023-04-16 00:56:50,456 p_helper patient 10 updated
2023-04-16 13:45:57,501 p_helper patient 10 updated
2023-04-16 14:35:31,056 d_helper new doctor added
2023-04-16 15:05:26,772 d_helper doctor 9 deleted
2023-04-16 17:29:18,083 d_helper new doctor added
2023-04-16 17:31:46,094 d_helper patient 10 updated
2023-04-16 17:32:00,660 d_helper patient 10 updated
2023-04-16 23:27:20,976 d_helper patient 10 updated
2023-04-17 21:42:01,197 d_helper patient 10 updated
2023-04-19 01:54:18,583 login William
2023-04-19 01:54:18,583 login Johnson
2023-04-19 01:54:42,913 login William
2023-04-19 01:54:42,913 login Johnson
2023-04-19 03:26:12,456 d_helper patient 10 updated
2023-04-20 17:50:16,060 d_helper new doctor added
2023-04-20 17:50:22,160 d_helper doctor 11 deleted
2023-04-20 17:50:29,191 p_helper patient 10 deleted
2023-04-21 15:26:19,231 p_helper new patient added
2023-04-21 15:26:23,355 p_helper patient 11 deleted
2023-04-21 15:27:20,080 p_helper patient 6 deleted
